<?xml version="1.0" encoding="UTF-8"?>
<coverage generated="1606016049960" clover="3.2.0">
  <project timestamp="1606016049961" name="All files">
    <metrics statements="31" coveredstatements="14" conditionals="0" coveredconditionals="0" methods="12" coveredmethods="7" elements="43" coveredelements="21" complexity="0" loc="31" ncloc="31" packages="3" files="8" classes="8">
      <package name="src">
        <metrics statements="2" coveredstatements="0" conditionals="0" coveredconditionals="0" methods="0" coveredmethods="0"/>
        <file name="App.vue" path="/Users/diegofelipemoreno/Documents/workspace-web/vuex-todo-list/vuex-todo-list/src/App.vue">
          <metrics statements="2" coveredstatements="0" conditionals="0" coveredconditionals="0" methods="0" coveredmethods="0"/>
          <line num="9" count="0" type="stmt"/>
          <line num="10" count="0" type="stmt"/>
        </file>
      </package>
      <package name="src.components">
        <metrics statements="11" coveredstatements="3" conditionals="0" coveredconditionals="0" methods="7" coveredmethods="2"/>
        <file name="ProductListOne.vue" path="/Users/diegofelipemoreno/Documents/workspace-web/vuex-todo-list/vuex-todo-list/src/components/ProductListOne.vue">
          <metrics statements="4" coveredstatements="3" conditionals="0" coveredconditionals="0" methods="3" coveredmethods="2"/>
          <line num="15" count="2" type="stmt"/>
          <line num="21" count="0" type="stmt"/>
          <line num="24" count="2" type="stmt"/>
          <line num="29" count="1" type="stmt"/>
        </file>
        <file name="ProductListTwo.vue" path="/Users/diegofelipemoreno/Documents/workspace-web/vuex-todo-list/vuex-todo-list/src/components/ProductListTwo.vue">
          <metrics statements="7" coveredstatements="0" conditionals="0" coveredconditionals="0" methods="4" coveredmethods="0"/>
          <line num="15" count="0" type="stmt"/>
          <line num="16" count="0" type="stmt"/>
          <line num="22" count="0" type="stmt"/>
          <line num="25" count="0" type="stmt"/>
          <line num="29" count="0" type="stmt"/>
          <line num="30" count="0" type="stmt"/>
          <line num="31" count="0" type="stmt"/>
        </file>
      </package>
      <package name="src.store">
        <metrics statements="18" coveredstatements="11" conditionals="0" coveredconditionals="0" methods="5" coveredmethods="5"/>
        <file name="actions.js" path="/Users/diegofelipemoreno/Documents/workspace-web/vuex-todo-list/vuex-todo-list/src/store/actions.js">
          <metrics statements="2" coveredstatements="2" conditionals="0" coveredconditionals="0" methods="1" coveredmethods="1"/>
          <line num="3" count="1" type="stmt"/>
          <line num="4" count="1" type="stmt"/>
        </file>
        <file name="getters.js" path="/Users/diegofelipemoreno/Documents/workspace-web/vuex-todo-list/vuex-todo-list/src/store/getters.js">
          <metrics statements="6" coveredstatements="6" conditionals="0" coveredconditionals="0" methods="3" coveredmethods="3"/>
          <line num="1" count="1" type="stmt"/>
          <line num="2" count="2" type="stmt"/>
          <line num="6" count="1" type="stmt"/>
          <line num="7" count="2" type="stmt"/>
          <line num="8" count="2" type="stmt"/>
          <line num="14" count="2" type="stmt"/>
        </file>
        <file name="mutation-types.js" path="/Users/diegofelipemoreno/Documents/workspace-web/vuex-todo-list/vuex-todo-list/src/store/mutation-types.js">
          <metrics statements="1" coveredstatements="1" conditionals="0" coveredconditionals="0" methods="0" coveredmethods="0"/>
          <line num="1" count="4" type="stmt"/>
        </file>
        <file name="mutations.js" path="/Users/diegofelipemoreno/Documents/workspace-web/vuex-todo-list/vuex-todo-list/src/store/mutations.js">
          <metrics statements="2" coveredstatements="2" conditionals="0" coveredconditionals="0" methods="1" coveredmethods="1"/>
          <line num="5" count="1" type="stmt"/>
          <line num="6" count="1" type="stmt"/>
        </file>
        <file name="store.js" path="/Users/diegofelipemoreno/Documents/workspace-web/vuex-todo-list/vuex-todo-list/src/store/store.js">
          <metrics statements="7" coveredstatements="0" conditionals="0" coveredconditionals="0" methods="0" coveredmethods="0"/>
          <line num="1" count="0" type="stmt"/>
          <line num="2" count="0" type="stmt"/>
          <line num="3" count="0" type="stmt"/>
          <line num="4" count="0" type="stmt"/>
          <line num="5" count="0" type="stmt"/>
          <line num="7" count="0" type="stmt"/>
          <line num="9" count="0" type="stmt"/>
        </file>
      </package>
    </metrics>
  </project>
</coverage>
