{"/Users/diegofelipemoreno/Documents/workspace-web/vuex-todo-list/vuex-todo-list/src/App.vue": {"path":"/Users/diegofelipemoreno/Documents/workspace-web/vuex-todo-list/vuex-todo-list/src/App.vue","statementMap":{"0":{"start":{"line":9,"column":0},"end":{"line":null,"column":-1}},"1":{"start":{"line":10,"column":0},"end":{"line":null,"column":-1}}},"fnMap":{},"branchMap":{},"s":{"0":0,"1":0},"f":{},"b":{}}
,"/Users/diegofelipemoreno/Documents/workspace-web/vuex-todo-list/vuex-todo-list/src/components/ProductListOne.vue": {"path":"/Users/diegofelipemoreno/Documents/workspace-web/vuex-todo-list/vuex-todo-list/src/components/ProductListOne.vue","statementMap":{"0":{"start":{"line":15,"column":0},"end":{"line":null,"column":-1}},"1":{"start":{"line":21,"column":0},"end":{"line":null,"column":-1}},"2":{"start":{"line":24,"column":0},"end":{"line":null,"column":-1}},"3":{"start":{"line":29,"column":0},"end":{"line":null,"column":-1}}},"fnMap":{"0":{"name":"products","decl":{"start":{"line":20,"column":0},"end":{"line":null,"column":-1}},"loc":{"start":{"line":20,"column":0},"end":{"line":22,"column":0}}},"1":{"name":"saleProducts","decl":{"start":{"line":23,"column":0},"end":{"line":null,"column":-1}},"loc":{"start":{"line":23,"column":0},"end":{"line":25,"column":0}}},"2":{"name":"reducePrice","decl":{"start":{"line":28,"column":0},"end":{"line":null,"column":-1}},"loc":{"start":{"line":28,"column":0},"end":{"line":30,"column":0}}}},"branchMap":{},"s":{"0":2,"1":0,"2":2,"3":1},"f":{"0":0,"1":2,"2":1},"b":{}}
,"/Users/diegofelipemoreno/Documents/workspace-web/vuex-todo-list/vuex-todo-list/src/components/ProductListTwo.vue": {"path":"/Users/diegofelipemoreno/Documents/workspace-web/vuex-todo-list/vuex-todo-list/src/components/ProductListTwo.vue","statementMap":{"0":{"start":{"line":15,"column":0},"end":{"line":null,"column":-1}},"1":{"start":{"line":16,"column":0},"end":{"line":null,"column":-1}},"2":{"start":{"line":22,"column":0},"end":{"line":null,"column":-1}},"3":{"start":{"line":25,"column":0},"end":{"line":null,"column":-1}},"4":{"start":{"line":29,"column":0},"end":{"line":null,"column":-1}},"5":{"start":{"line":30,"column":0},"end":{"line":32,"column":0}},"6":{"start":{"line":31,"column":0},"end":{"line":null,"column":-1}}},"fnMap":{"0":{"name":"products","decl":{"start":{"line":21,"column":0},"end":{"line":null,"column":-1}},"loc":{"start":{"line":21,"column":0},"end":{"line":23,"column":0}}},"1":{"name":"saleProducts","decl":{"start":{"line":24,"column":0},"end":{"line":null,"column":-1}},"loc":{"start":{"line":24,"column":0},"end":{"line":26,"column":0}}},"2":{"name":"reducePrice","decl":{"start":{"line":29,"column":0},"end":{"line":null,"column":-1}},"loc":{"start":{"line":29,"column":0},"end":{"line":33,"column":0}}},"3":{"name":"(anonymous_5)","decl":{"start":{"line":30,"column":0},"end":{"line":null,"column":-1}},"loc":{"start":{"line":30,"column":0},"end":{"line":32,"column":0}}}},"branchMap":{},"s":{"0":0,"1":0,"2":0,"3":0,"4":0,"5":0,"6":0},"f":{"0":0,"1":0,"2":0,"3":0},"b":{}}
,"/Users/diegofelipemoreno/Documents/workspace-web/vuex-todo-list/vuex-todo-list/src/store/actions.js": {"path":"/Users/diegofelipemoreno/Documents/workspace-web/vuex-todo-list/vuex-todo-list/src/store/actions.js","statementMap":{"0":{"start":{"line":3,"column":35},"end":{"line":5,"column":1}},"1":{"start":{"line":4,"column":2},"end":{"line":4,"column":41}}},"fnMap":{"0":{"name":"(anonymous_0)","decl":{"start":{"line":3,"column":35},"end":{"line":3,"column":36}},"loc":{"start":{"line":3,"column":60},"end":{"line":5,"column":1}},"line":3}},"branchMap":{},"s":{"0":1,"1":1},"f":{"0":1},"b":{},"_coverageSchema":"332fd63041d2c1bcb487cc26dd0d5f7d97098a6c","hash":"9162416aefd858d81f715e6de5077a12b70dc7fe"}
,"/Users/diegofelipemoreno/Documents/workspace-web/vuex-todo-list/vuex-todo-list/src/store/getters.js": {"path":"/Users/diegofelipemoreno/Documents/workspace-web/vuex-todo-list/vuex-todo-list/src/store/getters.js","statementMap":{"0":{"start":{"line":1,"column":30},"end":{"line":3,"column":1}},"1":{"start":{"line":2,"column":2},"end":{"line":2,"column":24}},"2":{"start":{"line":6,"column":34},"end":{"line":15,"column":1}},"3":{"start":{"line":7,"column":23},"end":{"line":12,"column":4}},"4":{"start":{"line":8,"column":4},"end":{"line":11,"column":5}},"5":{"start":{"line":14,"column":2},"end":{"line":14,"column":22}}},"fnMap":{"0":{"name":"(anonymous_0)","decl":{"start":{"line":1,"column":30},"end":{"line":1,"column":31}},"loc":{"start":{"line":1,"column":41},"end":{"line":3,"column":1}},"line":1},"1":{"name":"(anonymous_1)","decl":{"start":{"line":6,"column":34},"end":{"line":6,"column":35}},"loc":{"start":{"line":6,"column":45},"end":{"line":15,"column":1}},"line":6},"2":{"name":"(anonymous_2)","decl":{"start":{"line":7,"column":42},"end":{"line":7,"column":43}},"loc":{"start":{"line":7,"column":55},"end":{"line":12,"column":3}},"line":7}},"branchMap":{},"s":{"0":1,"1":2,"2":1,"3":2,"4":2,"5":2},"f":{"0":2,"1":2,"2":2},"b":{},"_coverageSchema":"332fd63041d2c1bcb487cc26dd0d5f7d97098a6c","hash":"3822bc2f49b9c75d41fbad9a5a31f6602af77493"}
,"/Users/diegofelipemoreno/Documents/workspace-web/vuex-todo-list/vuex-todo-list/src/store/mutation-types.js": {"path":"/Users/diegofelipemoreno/Documents/workspace-web/vuex-todo-list/vuex-todo-list/src/store/mutation-types.js","statementMap":{"0":{"start":{"line":1,"column":28},"end":{"line":1,"column":41}}},"fnMap":{},"branchMap":{},"s":{"0":4},"f":{},"b":{},"_coverageSchema":"332fd63041d2c1bcb487cc26dd0d5f7d97098a6c","hash":"284e330fddc8aceb7689a50838c974ab850d3dc2"}
,"/Users/diegofelipemoreno/Documents/workspace-web/vuex-todo-list/vuex-todo-list/src/store/mutations.js": {"path":"/Users/diegofelipemoreno/Documents/workspace-web/vuex-todo-list/vuex-todo-list/src/store/mutations.js","statementMap":{"0":{"start":{"line":5,"column":4},"end":{"line":7,"column":7}},"1":{"start":{"line":6,"column":6},"end":{"line":6,"column":31}}},"fnMap":{"0":{"name":"(anonymous_0)","decl":{"start":{"line":5,"column":27},"end":{"line":5,"column":28}},"loc":{"start":{"line":5,"column":40},"end":{"line":7,"column":5}},"line":5}},"branchMap":{},"s":{"0":1,"1":1},"f":{"0":1},"b":{},"_coverageSchema":"332fd63041d2c1bcb487cc26dd0d5f7d97098a6c","hash":"013535fd58add6fd5cba8cbfee77405d15d72bce"}
,"/Users/diegofelipemoreno/Documents/workspace-web/vuex-todo-list/vuex-todo-list/src/store/store.js": {"path":"/Users/diegofelipemoreno/Documents/workspace-web/vuex-todo-list/vuex-todo-list/src/store/store.js","statementMap":{"0":{"start":{"line":1,"column":0},"end":{"line":null,"column":-1}},"1":{"start":{"line":2,"column":0},"end":{"line":null,"column":-1}},"2":{"start":{"line":3,"column":0},"end":{"line":null,"column":-1}},"3":{"start":{"line":4,"column":0},"end":{"line":null,"column":-1}},"4":{"start":{"line":5,"column":0},"end":{"line":null,"column":-1}},"5":{"start":{"line":7,"column":0},"end":{"line":null,"column":-1}},"6":{"start":{"line":9,"column":13},"end":{"line":9,"column":7}}},"fnMap":{},"branchMap":{},"s":{"0":0,"1":0,"2":0,"3":0,"4":0,"5":0,"6":0},"f":{},"b":{}}
}
