TN:
SF:/Users/diegofelipemoreno/Documents/workspace-web/vuex-todo-list/vuex-todo-list/src/App.vue
FNF:0
FNH:0
DA:9,0
DA:10,0
LF:2
LH:0
BRF:0
BRH:0
end_of_record
TN:
SF:/Users/diegofelipemoreno/Documents/workspace-web/vuex-todo-list/vuex-todo-list/src/components/ProductListOne.vue
FN:20,products
FN:23,saleProducts
FN:28,reducePrice
FNF:3
FNH:2
FNDA:0,products
FNDA:2,saleProducts
FNDA:1,reducePrice
DA:15,2
DA:21,0
DA:24,2
DA:29,1
LF:4
LH:3
BRF:0
BRH:0
end_of_record
TN:
SF:/Users/diegofelipemoreno/Documents/workspace-web/vuex-todo-list/vuex-todo-list/src/components/ProductListTwo.vue
FN:21,products
FN:24,saleProducts
FN:29,reducePrice
FN:30,(anonymous_5)
FNF:4
FNH:0
FNDA:0,products
FNDA:0,saleProducts
FNDA:0,reducePrice
FNDA:0,(anonymous_5)
DA:15,0
DA:16,0
DA:22,0
DA:25,0
DA:29,0
DA:30,0
DA:31,0
LF:7
LH:0
BRF:0
BRH:0
end_of_record
TN:
SF:/Users/diegofelipemoreno/Documents/workspace-web/vuex-todo-list/vuex-todo-list/src/store/actions.js
FN:3,(anonymous_0)
FNF:1
FNH:1
FNDA:1,(anonymous_0)
DA:3,1
DA:4,1
LF:2
LH:2
BRF:0
BRH:0
end_of_record
TN:
SF:/Users/diegofelipemoreno/Documents/workspace-web/vuex-todo-list/vuex-todo-list/src/store/getters.js
FN:1,(anonymous_0)
FN:6,(anonymous_1)
FN:7,(anonymous_2)
FNF:3
FNH:3
FNDA:2,(anonymous_0)
FNDA:2,(anonymous_1)
FNDA:2,(anonymous_2)
DA:1,1
DA:2,2
DA:6,1
DA:7,2
DA:8,2
DA:14,2
LF:6
LH:6
BRF:0
BRH:0
end_of_record
TN:
SF:/Users/diegofelipemoreno/Documents/workspace-web/vuex-todo-list/vuex-todo-list/src/store/mutation-types.js
FNF:0
FNH:0
DA:1,4
LF:1
LH:1
BRF:0
BRH:0
end_of_record
TN:
SF:/Users/diegofelipemoreno/Documents/workspace-web/vuex-todo-list/vuex-todo-list/src/store/mutations.js
FN:5,(anonymous_0)
FNF:1
FNH:1
FNDA:1,(anonymous_0)
DA:5,1
DA:6,1
LF:2
LH:2
BRF:0
BRH:0
end_of_record
TN:
SF:/Users/diegofelipemoreno/Documents/workspace-web/vuex-todo-list/vuex-todo-list/src/store/store.js
FNF:0
FNH:0
DA:1,0
DA:2,0
DA:3,0
DA:4,0
DA:5,0
DA:7,0
DA:9,0
LF:7
LH:0
BRF:0
BRH:0
end_of_record
